nohup: ignoring input
[INFO] Scanning for projects...
[INFO] 
[INFO] ---------------------< com.andrelvicente:prova01 >----------------------
[INFO] Building prova01 0.0.1-SNAPSHOT
[INFO]   from pom.xml
[INFO] --------------------------------[ jar ]---------------------------------
[INFO] 
[INFO] >>> spring-boot:3.5.6:run (default-cli) > test-compile @ prova01 >>>
[INFO] 
[INFO] --- resources:3.3.1:resources (default-resources) @ prova01 ---
[INFO] Copying 1 resource from src/main/resources to target/classes
[INFO] Copying 0 resource from src/main/resources to target/classes
[INFO] 
[INFO] --- compiler:3.14.0:compile (default-compile) @ prova01 ---
[INFO] Nothing to compile - all classes are up to date.
[INFO] 
[INFO] --- resources:3.3.1:testResources (default-testResources) @ prova01 ---
[INFO] skip non existing resourceDirectory /home/andre-luiz/iftm/si-iftm/microservicos/prova01/src/test/resources
[INFO] 
[INFO] --- compiler:3.14.0:testCompile (default-testCompile) @ prova01 ---
[INFO] Recompiling the module because of changed source code.
[INFO] Compiling 1 source file with javac [debug parameters release 17] to target/test-classes
[INFO] 
[INFO] <<< spring-boot:3.5.6:run (default-cli) < test-compile @ prova01 <<<
[INFO] 
[INFO] 
[INFO] --- spring-boot:3.5.6:run (default-cli) @ prova01 ---
[INFO] Attaching agents: []

  .   ____          _            __ _ _
 /\\ / ___'_ __ _ _(_)_ __  __ _ \ \ \ \
( ( )\___ | '_ | '_| | '_ \/ _` | \ \ \ \
 \\/  ___)| |_)| | | | | || (_| |  ) ) ) )
  '  |____| .__|_| |_|_| |_\__, | / / / /
 =========|_|==============|___/=/_/_/_/

 :: Spring Boot ::                (v3.5.6)

2025-09-25T21:09:45.503-03:00  INFO 97591 --- [prova01] [           main] c.a.prova01.Prova01Application           : Starting Prova01Application using Java 17.0.16 with PID 97591 (/home/andre-luiz/iftm/si-iftm/microservicos/prova01/target/classes started by andre-luiz in /home/andre-luiz/iftm/si-iftm/microservicos/prova01)
2025-09-25T21:09:45.504-03:00  INFO 97591 --- [prova01] [           main] c.a.prova01.Prova01Application           : No active profile set, falling back to 1 default profile: "default"
2025-09-25T21:09:45.655-03:00  INFO 97591 --- [prova01] [           main] .s.d.r.c.RepositoryConfigurationDelegate : Bootstrapping Spring Data MongoDB repositories in DEFAULT mode.
2025-09-25T21:09:45.670-03:00  INFO 97591 --- [prova01] [           main] .s.d.r.c.RepositoryConfigurationDelegate : Finished Spring Data repository scanning in 13 ms. Found 1 MongoDB repository interface.
2025-09-25T21:09:45.845-03:00  INFO 97591 --- [prova01] [           main] o.s.b.w.embedded.tomcat.TomcatWebServer  : Tomcat initialized with port 8080 (http)
2025-09-25T21:09:45.851-03:00  INFO 97591 --- [prova01] [           main] o.apache.catalina.core.StandardService   : Starting service [Tomcat]
2025-09-25T21:09:45.851-03:00  INFO 97591 --- [prova01] [           main] o.apache.catalina.core.StandardEngine    : Starting Servlet engine: [Apache Tomcat/10.1.46]
2025-09-25T21:09:45.867-03:00  INFO 97591 --- [prova01] [           main] o.a.c.c.C.[Tomcat].[localhost].[/]       : Initializing Spring embedded WebApplicationContext
2025-09-25T21:09:45.867-03:00  INFO 97591 --- [prova01] [           main] w.s.c.ServletWebServerApplicationContext : Root WebApplicationContext: initialization completed in 341 ms
2025-09-25T21:09:45.939-03:00  INFO 97591 --- [prova01] [           main] org.mongodb.driver.client                : MongoClient with metadata {"driver": {"name": "mongo-java-driver|sync|spring-boot", "version": "5.5.1"}, "os": {"type": "Linux", "name": "Linux", "architecture": "amd64", "version": "6.1.0-1013-oem"}, "platform": "Java/Ubuntu/17.0.16+8-Ubuntu-0ubuntu122.04.1"} created with settings MongoClientSettings{readPreference=primary, writeConcern=WriteConcern{w=null, wTimeout=null ms, journal=null}, retryWrites=true, retryReads=true, readConcern=ReadConcern{level=null}, credential=MongoCredential{mechanism=null, userName='root', source='admin', password=<hidden>, mechanismProperties=<hidden>}, transportSettings=null, commandListeners=[], codecRegistry=ProvidersCodecRegistry{codecProviders=[ValueCodecProvider{}, BsonValueCodecProvider{}, DBRefCodecProvider{}, DBObjectCodecProvider{}, DocumentCodecProvider{}, CollectionCodecProvider{}, IterableCodecProvider{}, MapCodecProvider{}, GeoJsonCodecProvider{}, GridFSFileCodecProvider{}, Jsr310CodecProvider{}, JsonObjectCodecProvider{}, BsonCodecProvider{}, EnumCodecProvider{}, com.mongodb.client.model.mql.ExpressionCodecProvider@58fa5769, com.mongodb.Jep395RecordCodecProvider@36aa52d2, com.mongodb.KotlinCodecProvider@4ee25d80]}, loggerSettings=LoggerSettings{maxDocumentLength=1000}, clusterSettings={hosts=[localhost:27017], srvServiceName=mongodb, mode=SINGLE, requiredClusterType=UNKNOWN, requiredReplicaSetName='null', serverSelector='null', clusterListeners='[]', serverSelectionTimeout='30000 ms', localThreshold='15 ms'}, socketSettings=SocketSettings{connectTimeoutMS=10000, readTimeoutMS=0, receiveBufferSize=0, proxySettings=ProxySettings{host=null, port=null, username=null, password=null}}, heartbeatSocketSettings=SocketSettings{connectTimeoutMS=10000, readTimeoutMS=10000, receiveBufferSize=0, proxySettings=ProxySettings{host=null, port=null, username=null, password=null}}, connectionPoolSettings=ConnectionPoolSettings{maxSize=100, minSize=0, maxWaitTimeMS=120000, maxConnectionLifeTimeMS=0, maxConnectionIdleTimeMS=0, maintenanceInitialDelayMS=0, maintenanceFrequencyMS=60000, connectionPoolListeners=[], maxConnecting=2}, serverSettings=ServerSettings{heartbeatFrequencyMS=10000, minHeartbeatFrequencyMS=500, serverMonitoringMode=AUTO, serverListeners='[]', serverMonitorListeners='[]'}, sslSettings=SslSettings{enabled=false, invalidHostNameAllowed=false, context=null}, applicationName='null', compressorList=[], uuidRepresentation=JAVA_LEGACY, serverApi=null, autoEncryptionSettings=null, dnsClient=null, inetAddressResolver=null, contextProvider=null, timeoutMS=null}
2025-09-25T21:09:45.947-03:00  INFO 97591 --- [prova01] [localhost:27017] org.mongodb.driver.cluster               : Monitor thread successfully connected to server with description ServerDescription{address=localhost:27017, type=STANDALONE, cryptd=false, state=CONNECTED, ok=true, minWireVersion=0, maxWireVersion=21, maxDocumentSize=16777216, logicalSessionTimeoutMinutes=30, roundTripTimeNanos=7358110, minRoundTripTimeNanos=0}
2025-09-25T21:09:46.069-03:00  INFO 97591 --- [prova01] [           main] o.s.v.b.OptionalValidatorFactoryBean     : Failed to set up a Bean Validation provider: jakarta.validation.NoProviderFoundException: Unable to create a Configuration, because no Jakarta Bean Validation provider could be found. Add a provider like Hibernate Validator (RI) to your classpath.
2025-09-25T21:09:46.174-03:00  INFO 97591 --- [prova01] [           main] o.s.b.w.embedded.tomcat.TomcatWebServer  : Tomcat started on port 8080 (http) with context path '/'
2025-09-25T21:09:46.178-03:00  INFO 97591 --- [prova01] [           main] c.a.prova01.Prova01Application           : Started Prova01Application in 0.836 seconds (process running for 0.942)
2025-09-25T21:10:02.682-03:00  INFO 97591 --- [prova01] [nio-8080-exec-1] o.a.c.c.C.[Tomcat].[localhost].[/]       : Initializing Spring DispatcherServlet 'dispatcherServlet'
2025-09-25T21:10:02.682-03:00  INFO 97591 --- [prova01] [nio-8080-exec-1] o.s.web.servlet.DispatcherServlet        : Initializing Servlet 'dispatcherServlet'
2025-09-25T21:10:02.682-03:00  INFO 97591 --- [prova01] [nio-8080-exec-1] o.s.web.servlet.DispatcherServlet        : Completed initialization in 0 ms
2025-09-25T21:10:02.700-03:00 DEBUG 97591 --- [prova01] [nio-8080-exec-1] o.s.data.mongodb.core.MongoTemplate      : Executing count: {} in collection: user
2025-09-25T21:10:02.758-03:00 DEBUG 97591 --- [prova01] [nio-8080-exec-1] o.s.data.mongodb.core.MongoTemplate      : find using query: {} fields: Document{{}} sort: null for class: class com.andrelvicente.prova01.models.User in collection: user
2025-09-25T21:10:02.792-03:00  WARN 97591 --- [prova01] [nio-8080-exec-1] ration$PageModule$WarningLoggingModifier : Serializing PageImpl instances as-is is not supported, meaning that there is no guarantee about the stability of the resulting JSON structure!
	For a stable JSON structure, please use Spring Data's PagedModel (globally via @EnableSpringDataWebSupport(pageSerializationMode = VIA_DTO))
	or Spring HATEOAS and Spring Data's PagedResourcesAssembler as documented in https://docs.spring.io/spring-data/commons/reference/repositories/core-extensions.html#core.web.pageables.

2025-09-25T21:10:06.747-03:00 DEBUG 97591 --- [prova01] [nio-8080-exec-2] o.s.data.mongodb.core.MongoTemplate      : find using query: { "nome" : { "$regularExpression" : { "pattern" : "Andre", "options" : ""}}} fields: Document{{}} sort: null for class: class com.andrelvicente.prova01.models.User in collection: user
2025-09-25T21:10:10.903-03:00 DEBUG 97591 --- [prova01] [nio-8080-exec-4] o.s.data.mongodb.core.MongoTemplate      : findOne using query: { "id" : "68d5d4a5d75fc891eb639ee8"} fields: Document{{}} for class: class com.andrelvicente.prova01.models.User in collection: user
2025-09-25T21:10:46.311-03:00 DEBUG 97591 --- [prova01] [nio-8080-exec-6] o.s.data.mongodb.core.MongoTemplate      : findOne using query: { "id" : "68d5d8e140137b5074f1f8fd"} fields: Document{{}} for class: class com.andrelvicente.prova01.models.User in collection: user
2025-09-25T21:10:46.315-03:00 DEBUG 97591 --- [prova01] [nio-8080-exec-6] o.s.data.mongodb.core.MongoTemplate      : Saving Document containing fields: [_id, nome, cpf, endereco, email, telefone, dataCadastro, _class]
2025-09-25T21:10:57.667-03:00 DEBUG 97591 --- [prova01] [nio-8080-exec-7] o.s.data.mongodb.core.MongoTemplate      : Inserting Document containing fields: [nome, cpf, endereco, email, telefone, dataCadastro, _class] in collection: user
2025-09-25T21:10:57.704-03:00 DEBUG 97591 --- [prova01] [nio-8080-exec-8] o.s.data.mongodb.core.MongoTemplate      : find using query: {} fields: Document{{}} sort: null for class: class com.andrelvicente.prova01.models.User in collection: user
2025-09-25T21:10:57.725-03:00 DEBUG 97591 --- [prova01] [nio-8080-exec-9] o.s.data.mongodb.core.MongoTemplate      : findOne using query: { "id" : "68d5da11d75423152ffcb8b0"} fields: Document{{}} for class: class com.andrelvicente.prova01.models.User in collection: user
2025-09-25T21:10:57.745-03:00 DEBUG 97591 --- [prova01] [io-8080-exec-10] o.s.data.mongodb.core.MongoTemplate      : find using query: { "cpf" : "9999"} fields: Document{{}} sort: null for class: class com.andrelvicente.prova01.models.User in collection: user
2025-09-25T21:10:57.750-03:00 ERROR 97591 --- [prova01] [io-8080-exec-10] o.a.c.c.C.[.[.[/].[dispatcherServlet]    : Servlet.service() for servlet [dispatcherServlet] in context with path [] threw exception [Request processing failed: org.springframework.dao.IncorrectResultSizeDataAccessException: Query { "$java" : Query: { "cpf" : "9999"}, Fields: {}, Sort: {} } returned non unique result] with root cause

org.springframework.dao.IncorrectResultSizeDataAccessException: Query { "$java" : Query: { "cpf" : "9999"}, Fields: {}, Sort: {} } returned non unique result
	at org.springframework.data.mongodb.core.ExecutableFindOperationSupport$ExecutableFindSupport.oneValue(ExecutableFindOperationSupport.java:120) ~[spring-data-mongodb-4.5.4.jar:4.5.4]
	at org.springframework.data.mongodb.repository.query.AbstractMongoQuery.lambda$getExecution$8(AbstractMongoQuery.java:239) ~[spring-data-mongodb-4.5.4.jar:4.5.4]
	at org.springframework.data.mongodb.repository.query.AbstractMongoQuery.doExecute(AbstractMongoQuery.java:184) ~[spring-data-mongodb-4.5.4.jar:4.5.4]
	at org.springframework.data.mongodb.repository.query.AbstractMongoQuery.execute(AbstractMongoQuery.java:156) ~[spring-data-mongodb-4.5.4.jar:4.5.4]
	at org.springframework.data.repository.core.support.RepositoryMethodInvoker.doInvoke(RepositoryMethodInvoker.java:170) ~[spring-data-commons-3.5.4.jar:3.5.4]
	at org.springframework.data.repository.core.support.RepositoryMethodInvoker.invoke(RepositoryMethodInvoker.java:158) ~[spring-data-commons-3.5.4.jar:3.5.4]
	at org.springframework.data.repository.core.support.QueryExecutorMethodInterceptor.doInvoke(QueryExecutorMethodInterceptor.java:170) ~[spring-data-commons-3.5.4.jar:3.5.4]
	at org.springframework.data.repository.core.support.QueryExecutorMethodInterceptor.invoke(QueryExecutorMethodInterceptor.java:149) ~[spring-data-commons-3.5.4.jar:3.5.4]
	at org.springframework.aop.framework.ReflectiveMethodInvocation.proceed(ReflectiveMethodInvocation.java:184) ~[spring-aop-6.2.11.jar:6.2.11]
	at org.springframework.data.projection.DefaultMethodInvokingMethodInterceptor.invoke(DefaultMethodInvokingMethodInterceptor.java:69) ~[spring-data-commons-3.5.4.jar:3.5.4]
	at org.springframework.aop.framework.ReflectiveMethodInvocation.proceed(ReflectiveMethodInvocation.java:184) ~[spring-aop-6.2.11.jar:6.2.11]
	at org.springframework.data.mongodb.repository.support.CrudMethodMetadataPostProcessor$CrudMethodMetadataPopulatingMethodInterceptor.invoke(CrudMethodMetadataPostProcessor.java:129) ~[spring-data-mongodb-4.5.4.jar:4.5.4]
	at org.springframework.aop.framework.ReflectiveMethodInvocation.proceed(ReflectiveMethodInvocation.java:184) ~[spring-aop-6.2.11.jar:6.2.11]
	at org.springframework.aop.framework.JdkDynamicAopProxy.invoke(JdkDynamicAopProxy.java:223) ~[spring-aop-6.2.11.jar:6.2.11]
	at jdk.proxy2/jdk.proxy2.$Proxy70.findByCpf(Unknown Source) ~[na:na]
	at java.base/jdk.internal.reflect.NativeMethodAccessorImpl.invoke0(Native Method) ~[na:na]
	at java.base/jdk.internal.reflect.NativeMethodAccessorImpl.invoke(NativeMethodAccessorImpl.java:77) ~[na:na]
	at java.base/jdk.internal.reflect.DelegatingMethodAccessorImpl.invoke(DelegatingMethodAccessorImpl.java:43) ~[na:na]
	at java.base/java.lang.reflect.Method.invoke(Method.java:569) ~[na:na]
	at org.springframework.aop.support.AopUtils.invokeJoinpointUsingReflection(AopUtils.java:360) ~[spring-aop-6.2.11.jar:6.2.11]
	at org.springframework.aop.framework.ReflectiveMethodInvocation.invokeJoinpoint(ReflectiveMethodInvocation.java:196) ~[spring-aop-6.2.11.jar:6.2.11]
	at org.springframework.aop.framework.ReflectiveMethodInvocation.proceed(ReflectiveMethodInvocation.java:163) ~[spring-aop-6.2.11.jar:6.2.11]
	at org.springframework.dao.support.PersistenceExceptionTranslationInterceptor.invoke(PersistenceExceptionTranslationInterceptor.java:138) ~[spring-tx-6.2.11.jar:6.2.11]
	at org.springframework.aop.framework.ReflectiveMethodInvocation.proceed(ReflectiveMethodInvocation.java:184) ~[spring-aop-6.2.11.jar:6.2.11]
	at org.springframework.aop.framework.JdkDynamicAopProxy.invoke(JdkDynamicAopProxy.java:223) ~[spring-aop-6.2.11.jar:6.2.11]
	at jdk.proxy2/jdk.proxy2.$Proxy70.findByCpf(Unknown Source) ~[na:na]
	at com.andrelvicente.prova01.services.UserService.findByCpf(UserService.java:53) ~[classes/:na]
	at com.andrelvicente.prova01.controllers.UserController.findByCpf(UserController.java:50) ~[classes/:na]
	at java.base/jdk.internal.reflect.NativeMethodAccessorImpl.invoke0(Native Method) ~[na:na]
	at java.base/jdk.internal.reflect.NativeMethodAccessorImpl.invoke(NativeMethodAccessorImpl.java:77) ~[na:na]
	at java.base/jdk.internal.reflect.DelegatingMethodAccessorImpl.invoke(DelegatingMethodAccessorImpl.java:43) ~[na:na]
	at java.base/java.lang.reflect.Method.invoke(Method.java:569) ~[na:na]
	at org.springframework.web.method.support.InvocableHandlerMethod.doInvoke(InvocableHandlerMethod.java:258) ~[spring-web-6.2.11.jar:6.2.11]
	at org.springframework.web.method.support.InvocableHandlerMethod.invokeForRequest(InvocableHandlerMethod.java:191) ~[spring-web-6.2.11.jar:6.2.11]
	at org.springframework.web.servlet.mvc.method.annotation.ServletInvocableHandlerMethod.invokeAndHandle(ServletInvocableHandlerMethod.java:118) ~[spring-webmvc-6.2.11.jar:6.2.11]
	at org.springframework.web.servlet.mvc.method.annotation.RequestMappingHandlerAdapter.invokeHandlerMethod(RequestMappingHandlerAdapter.java:991) ~[spring-webmvc-6.2.11.jar:6.2.11]
	at org.springframework.web.servlet.mvc.method.annotation.RequestMappingHandlerAdapter.handleInternal(RequestMappingHandlerAdapter.java:896) ~[spring-webmvc-6.2.11.jar:6.2.11]
	at org.springframework.web.servlet.mvc.method.AbstractHandlerMethodAdapter.handle(AbstractHandlerMethodAdapter.java:87) ~[spring-webmvc-6.2.11.jar:6.2.11]
	at org.springframework.web.servlet.DispatcherServlet.doDispatch(DispatcherServlet.java:1089) ~[spring-webmvc-6.2.11.jar:6.2.11]
	at org.springframework.web.servlet.DispatcherServlet.doService(DispatcherServlet.java:979) ~[spring-webmvc-6.2.11.jar:6.2.11]
	at org.springframework.web.servlet.FrameworkServlet.processRequest(FrameworkServlet.java:1014) ~[spring-webmvc-6.2.11.jar:6.2.11]
	at org.springframework.web.servlet.FrameworkServlet.doGet(FrameworkServlet.java:903) ~[spring-webmvc-6.2.11.jar:6.2.11]
	at jakarta.servlet.http.HttpServlet.service(HttpServlet.java:564) ~[tomcat-embed-core-10.1.46.jar:6.0]
	at org.springframework.web.servlet.FrameworkServlet.service(FrameworkServlet.java:885) ~[spring-webmvc-6.2.11.jar:6.2.11]
	at jakarta.servlet.http.HttpServlet.service(HttpServlet.java:658) ~[tomcat-embed-core-10.1.46.jar:6.0]
	at org.apache.catalina.core.ApplicationFilterChain.internalDoFilter(ApplicationFilterChain.java:195) ~[tomcat-embed-core-10.1.46.jar:10.1.46]
	at org.apache.catalina.core.ApplicationFilterChain.doFilter(ApplicationFilterChain.java:140) ~[tomcat-embed-core-10.1.46.jar:10.1.46]
	at org.apache.tomcat.websocket.server.WsFilter.doFilter(WsFilter.java:51) ~[tomcat-embed-websocket-10.1.46.jar:10.1.46]
	at org.apache.catalina.core.ApplicationFilterChain.internalDoFilter(ApplicationFilterChain.java:164) ~[tomcat-embed-core-10.1.46.jar:10.1.46]
	at org.apache.catalina.core.ApplicationFilterChain.doFilter(ApplicationFilterChain.java:140) ~[tomcat-embed-core-10.1.46.jar:10.1.46]
	at org.springframework.web.filter.RequestContextFilter.doFilterInternal(RequestContextFilter.java:100) ~[spring-web-6.2.11.jar:6.2.11]
	at org.springframework.web.filter.OncePerRequestFilter.doFilter(OncePerRequestFilter.java:116) ~[spring-web-6.2.11.jar:6.2.11]
	at org.apache.catalina.core.ApplicationFilterChain.internalDoFilter(ApplicationFilterChain.java:164) ~[tomcat-embed-core-10.1.46.jar:10.1.46]
	at org.apache.catalina.core.ApplicationFilterChain.doFilter(ApplicationFilterChain.java:140) ~[tomcat-embed-core-10.1.46.jar:10.1.46]
	at org.springframework.web.filter.FormContentFilter.doFilterInternal(FormContentFilter.java:93) ~[spring-web-6.2.11.jar:6.2.11]
	at org.springframework.web.filter.OncePerRequestFilter.doFilter(OncePerRequestFilter.java:116) ~[spring-web-6.2.11.jar:6.2.11]
	at org.apache.catalina.core.ApplicationFilterChain.internalDoFilter(ApplicationFilterChain.java:164) ~[tomcat-embed-core-10.1.46.jar:10.1.46]
	at org.apache.catalina.core.ApplicationFilterChain.doFilter(ApplicationFilterChain.java:140) ~[tomcat-embed-core-10.1.46.jar:10.1.46]
	at org.springframework.web.filter.CharacterEncodingFilter.doFilterInternal(CharacterEncodingFilter.java:201) ~[spring-web-6.2.11.jar:6.2.11]
	at org.springframework.web.filter.OncePerRequestFilter.doFilter(OncePerRequestFilter.java:116) ~[spring-web-6.2.11.jar:6.2.11]
	at org.apache.catalina.core.ApplicationFilterChain.internalDoFilter(ApplicationFilterChain.java:164) ~[tomcat-embed-core-10.1.46.jar:10.1.46]
	at org.apache.catalina.core.ApplicationFilterChain.doFilter(ApplicationFilterChain.java:140) ~[tomcat-embed-core-10.1.46.jar:10.1.46]
	at org.apache.catalina.core.StandardWrapperValve.invoke(StandardWrapperValve.java:167) ~[tomcat-embed-core-10.1.46.jar:10.1.46]
	at org.apache.catalina.core.StandardContextValve.invoke(StandardContextValve.java:90) ~[tomcat-embed-core-10.1.46.jar:10.1.46]
	at org.apache.catalina.authenticator.AuthenticatorBase.invoke(AuthenticatorBase.java:483) ~[tomcat-embed-core-10.1.46.jar:10.1.46]
	at org.apache.catalina.core.StandardHostValve.invoke(StandardHostValve.java:116) ~[tomcat-embed-core-10.1.46.jar:10.1.46]
	at org.apache.catalina.valves.ErrorReportValve.invoke(ErrorReportValve.java:93) ~[tomcat-embed-core-10.1.46.jar:10.1.46]
	at org.apache.catalina.core.StandardEngineValve.invoke(StandardEngineValve.java:74) ~[tomcat-embed-core-10.1.46.jar:10.1.46]
	at org.apache.catalina.connector.CoyoteAdapter.service(CoyoteAdapter.java:344) ~[tomcat-embed-core-10.1.46.jar:10.1.46]
	at org.apache.coyote.http11.Http11Processor.service(Http11Processor.java:398) ~[tomcat-embed-core-10.1.46.jar:10.1.46]
	at org.apache.coyote.AbstractProcessorLight.process(AbstractProcessorLight.java:63) ~[tomcat-embed-core-10.1.46.jar:10.1.46]
	at org.apache.coyote.AbstractProtocol$ConnectionHandler.process(AbstractProtocol.java:903) ~[tomcat-embed-core-10.1.46.jar:10.1.46]
	at org.apache.tomcat.util.net.NioEndpoint$SocketProcessor.doRun(NioEndpoint.java:1776) ~[tomcat-embed-core-10.1.46.jar:10.1.46]
	at org.apache.tomcat.util.net.SocketProcessorBase.run(SocketProcessorBase.java:52) ~[tomcat-embed-core-10.1.46.jar:10.1.46]
	at org.apache.tomcat.util.threads.ThreadPoolExecutor.runWorker(ThreadPoolExecutor.java:975) ~[tomcat-embed-core-10.1.46.jar:10.1.46]
	at org.apache.tomcat.util.threads.ThreadPoolExecutor$Worker.run(ThreadPoolExecutor.java:493) ~[tomcat-embed-core-10.1.46.jar:10.1.46]
	at org.apache.tomcat.util.threads.TaskThread$WrappingRunnable.run(TaskThread.java:63) ~[tomcat-embed-core-10.1.46.jar:10.1.46]
	at java.base/java.lang.Thread.run(Thread.java:840) ~[na:na]

2025-09-25T21:10:57.774-03:00 DEBUG 97591 --- [prova01] [nio-8080-exec-1] o.s.data.mongodb.core.MongoTemplate      : find using query: { "nome" : { "$regularExpression" : { "pattern" : "Co", "options" : ""}}} fields: Document{{}} sort: null for class: class com.andrelvicente.prova01.models.User in collection: user
2025-09-25T21:10:57.796-03:00 DEBUG 97591 --- [prova01] [nio-8080-exec-2] o.s.data.mongodb.core.MongoTemplate      : Executing count: {} in collection: user
2025-09-25T21:10:57.797-03:00 DEBUG 97591 --- [prova01] [nio-8080-exec-2] o.s.data.mongodb.core.MongoTemplate      : find using query: {} fields: Document{{}} sort: null for class: class com.andrelvicente.prova01.models.User in collection: user
2025-09-25T21:10:57.817-03:00 DEBUG 97591 --- [prova01] [nio-8080-exec-3] o.s.data.mongodb.core.MongoTemplate      : findOne using query: { "id" : "68d5da11d75423152ffcb8b0"} fields: Document{{}} for class: class com.andrelvicente.prova01.models.User in collection: user
2025-09-25T21:10:57.818-03:00 DEBUG 97591 --- [prova01] [nio-8080-exec-3] o.s.data.mongodb.core.MongoTemplate      : Saving Document containing fields: [_id, nome, cpf, endereco, email, telefone, dataCadastro, _class]
2025-09-25T21:10:57.835-03:00 DEBUG 97591 --- [prova01] [nio-8080-exec-4] o.s.data.mongodb.core.MongoTemplate      : findOne using query: { "id" : "68d5da11d75423152ffcb8b0"} fields: Document{{}} for class: class com.andrelvicente.prova01.models.User in collection: user
2025-09-25T21:10:57.837-03:00 DEBUG 97591 --- [prova01] [nio-8080-exec-4] o.s.data.mongodb.core.MongoTemplate      : Remove using query: { "_id" : { "$oid" : "68d5da11d75423152ffcb8b0"}} in collection: user.
2025-09-25T21:12:05.121-03:00  INFO 97591 --- [prova01] [ionShutdownHook] o.s.b.w.e.tomcat.GracefulShutdown        : Commencing graceful shutdown. Waiting for active requests to complete
2025-09-25T21:12:05.122-03:00  INFO 97591 --- [prova01] [tomcat-shutdown] o.s.b.w.e.tomcat.GracefulShutdown        : Graceful shutdown complete
[INFO] ------------------------------------------------------------------------
[INFO] BUILD FAILURE
[INFO] ------------------------------------------------------------------------
[INFO] Total time:  02:20 min
[INFO] Finished at: 2025-09-25T21:12:05-03:00
[INFO] ------------------------------------------------------------------------
[ERROR] Failed to execute goal org.springframework.boot:spring-boot-maven-plugin:3.5.6:run (default-cli) on project prova01: Process terminated with exit code: 143 -> [Help 1]
[ERROR] 
[ERROR] To see the full stack trace of the errors, re-run Maven with the -e switch.
[ERROR] Re-run Maven using the -X switch to enable full debug logging.
[ERROR] 
[ERROR] For more information about the errors and possible solutions, please read the following articles:
[ERROR] [Help 1] http://cwiki.apache.org/confluence/display/MAVEN/MojoExecutionException
